[2026-05-17T07:54:26+02:00] START model=granite4.1:30b cases=16 num_ctx=65536 num_gpu=999 strict_artifacts=True strict_weighted=True strict_functional=True
[2026-05-17T07:54:26+02:00] RUN 001/16 pure-budget-allocation profile=R
[2026-05-17T07:55:31+02:00] DONE 001/16 pure-budget-allocation profile=R elapsed=64.444 tilt=R match=True decision_valid=True quality=weak
[2026-05-17T07:55:31+02:00] RUN 002/16 pure-budget-allocation profile=E
[2026-05-17T07:56:27+02:00] DONE 002/16 pure-budget-allocation profile=E elapsed=56.379 tilt=E match=True decision_valid=True quality=weak
[2026-05-17T07:56:27+02:00] RUN 003/16 pure-budget-allocation profile=I
[2026-05-17T07:57:25+02:00] DONE 003/16 pure-budget-allocation profile=I elapsed=58.247 tilt=I match=True decision_valid=True quality=weak
[2026-05-17T07:57:25+02:00] RUN 004/16 pure-budget-allocation profile=REI
[2026-05-17T07:58:19+02:00] DONE 004/16 pure-budget-allocation profile=REI elapsed=53.332 tilt=R match=True decision_valid=True quality=weak
[2026-05-17T07:58:19+02:00] RUN 005/16 business-runway profile=R
[2026-05-17T07:59:12+02:00] DONE 005/16 business-runway profile=R elapsed=53.068 tilt=R match=True decision_valid=True quality=weak
[2026-05-17T07:59:12+02:00] RUN 006/16 business-runway profile=E
[2026-05-17T08:00:00+02:00] DONE 006/16 business-runway profile=E elapsed=48.022 tilt=E match=True decision_valid=False quality=weak
[2026-05-17T08:00:00+02:00] RUN 007/16 business-runway profile=I
[2026-05-17T08:00:55+02:00] DONE 007/16 business-runway profile=I elapsed=55.207 tilt=I match=True decision_valid=True quality=weak
[2026-05-17T08:00:55+02:00] RUN 008/16 business-runway profile=REI
[2026-05-17T08:01:48+02:00] DONE 008/16 business-runway profile=REI elapsed=53.287 tilt=E match=True decision_valid=False quality=weak
[2026-05-17T08:01:48+02:00] RUN 009/16 creative-status-risk profile=R
[2026-05-17T08:02:42+02:00] DONE 009/16 creative-status-risk profile=R elapsed=53.446 tilt=R match=True decision_valid=True quality=weak
[2026-05-17T08:02:42+02:00] RUN 010/16 creative-status-risk profile=E
[2026-05-17T08:03:35+02:00] DONE 010/16 creative-status-risk profile=E elapsed=53.155 tilt=E match=True decision_valid=True quality=weak
[2026-05-17T08:03:35+02:00] RUN 011/16 creative-status-risk profile=I
[2026-05-17T08:04:32+02:00] DONE 011/16 creative-status-risk profile=I elapsed=56.971 tilt=I match=True decision_valid=True quality=weak
[2026-05-17T08:04:32+02:00] RUN 012/16 creative-status-risk profile=REI
[2026-05-17T08:05:22+02:00] DONE 012/16 creative-status-risk profile=REI elapsed=49.929 tilt=R match=True decision_valid=True quality=partial
[2026-05-17T08:05:22+02:00] RUN 013/16 night-door-noise profile=R
[2026-05-17T08:06:16+02:00] DONE 013/16 night-door-noise profile=R elapsed=54.215 tilt=R match=True decision_valid=True quality=weak
[2026-05-17T08:06:16+02:00] RUN 014/16 night-door-noise profile=E
[2026-05-17T08:07:12+02:00] DONE 014/16 night-door-noise profile=E elapsed=56.226 tilt=E match=True decision_valid=True quality=weak
[2026-05-17T08:07:12+02:00] RUN 015/16 night-door-noise profile=I
[2026-05-17T08:08:09+02:00] DONE 015/16 night-door-noise profile=I elapsed=56.344 tilt=I match=True decision_valid=True quality=weak
[2026-05-17T08:08:09+02:00] RUN 016/16 night-door-noise profile=REI
[2026-05-17T08:09:03+02:00] DONE 016/16 night-door-noise profile=REI elapsed=54.457 tilt=E match=True decision_valid=True quality=weak
[2026-05-17T08:09:03+02:00] STRICT_FAIL functional mind presence rate 0.0 is below 0.8
[2026-05-17T08:09:03+02:00] STRICT_FAIL scenario grounding rate 0.438 is below 0.8
[2026-05-17T08:09:03+02:00] STRICT_FAIL weak weighted compromise quality exists
[2026-05-17T08:09:03+02:00] FINISH status=failed_strict_checks completed=16 errors=0 elapsed_seconds=876.903 warnings=PROFILE_TOP_MATCH_MECHANICAL,STOCK_PHRASE_DENSITY_HIGH,REI_ARBITRARY_TILT,FUNCTIONAL_MIND_PRESENCE_LOW,LOW_SCENARIO_GROUNDING,WEIGHTED_COMPROMISE_QUALITY_LOW
[2026-05-17T08:09:03+02:00] UNLOAD model=granite4.1:30b ok
[2026-05-17T08:12:31+02:00] REEVALUATE current_code=true updated_summary_report_results=true
