[2026-05-16T17:32:22+02:00] START model=granite4.1:30b cases=65 num_ctx=65536 num_gpu=999
[2026-05-16T17:32:22+02:00] RUN 001/65 pure-budget-allocation profile=R
[2026-05-16T17:33:57+02:00] DONE 001/65 pure-budget-allocation profile=R elapsed=95.147 tilt=R match=True
[2026-05-16T17:33:57+02:00] RUN 002/65 pure-budget-allocation profile=E
[2026-05-16T17:34:56+02:00] DONE 002/65 pure-budget-allocation profile=E elapsed=59.106 tilt=E match=True
[2026-05-16T17:34:56+02:00] RUN 003/65 pure-budget-allocation profile=I
[2026-05-16T17:35:53+02:00] DONE 003/65 pure-budget-allocation profile=I elapsed=56.956 tilt=I match=True
[2026-05-16T17:35:53+02:00] RUN 004/65 pure-budget-allocation profile=RE
[2026-05-16T17:36:46+02:00] DONE 004/65 pure-budget-allocation profile=RE elapsed=53.127 tilt=R match=True
[2026-05-16T17:36:46+02:00] RUN 005/65 pure-budget-allocation profile=RI
[2026-05-16T17:37:41+02:00] DONE 005/65 pure-budget-allocation profile=RI elapsed=54.26 tilt=R match=True
[2026-05-16T17:37:41+02:00] RUN 006/65 pure-budget-allocation profile=EI
[2026-05-16T17:38:36+02:00] DONE 006/65 pure-budget-allocation profile=EI elapsed=55.002 tilt=I match=True
[2026-05-16T17:38:36+02:00] RUN 007/65 pure-budget-allocation profile=R>E>I
[2026-05-16T17:39:36+02:00] DONE 007/65 pure-budget-allocation profile=R>E>I elapsed=60.456 tilt=R match=True
[2026-05-16T17:39:36+02:00] RUN 008/65 pure-budget-allocation profile=R>I>E
[2026-05-16T17:40:31+02:00] DONE 008/65 pure-budget-allocation profile=R>I>E elapsed=54.759 tilt=R match=True
[2026-05-16T17:40:31+02:00] RUN 009/65 pure-budget-allocation profile=E>R>I
[2026-05-16T17:41:25+02:00] DONE 009/65 pure-budget-allocation profile=E>R>I elapsed=54.017 tilt=E match=True
[2026-05-16T17:41:25+02:00] RUN 010/65 pure-budget-allocation profile=E>I>R
[2026-05-16T17:42:21+02:00] DONE 010/65 pure-budget-allocation profile=E>I>R elapsed=56.109 tilt=E match=True
[2026-05-16T17:42:21+02:00] RUN 011/65 pure-budget-allocation profile=I>R>E
[2026-05-16T17:43:17+02:00] DONE 011/65 pure-budget-allocation profile=I>R>E elapsed=56.33 tilt=I match=True
[2026-05-16T17:43:17+02:00] RUN 012/65 pure-budget-allocation profile=I>E>R
[2026-05-16T17:44:12+02:00] DONE 012/65 pure-budget-allocation profile=I>E>R elapsed=54.209 tilt=I match=True
[2026-05-16T17:44:12+02:00] RUN 013/65 pure-budget-allocation profile=REI
[2026-05-16T17:45:05+02:00] DONE 013/65 pure-budget-allocation profile=REI elapsed=53.241 tilt=R match=True
[2026-05-16T17:45:05+02:00] RUN 014/65 technical-architecture-choice profile=R
[2026-05-16T17:45:55+02:00] DONE 014/65 technical-architecture-choice profile=R elapsed=49.949 tilt=R match=True
[2026-05-16T17:45:55+02:00] RUN 015/65 technical-architecture-choice profile=E
[2026-05-16T17:46:49+02:00] DONE 015/65 technical-architecture-choice profile=E elapsed=54.445 tilt=E match=True
[2026-05-16T17:46:49+02:00] RUN 016/65 technical-architecture-choice profile=I
[2026-05-16T17:47:42+02:00] DONE 016/65 technical-architecture-choice profile=I elapsed=53.327 tilt=I match=True
[2026-05-16T17:47:42+02:00] RUN 017/65 technical-architecture-choice profile=RE
[2026-05-16T17:48:36+02:00] DONE 017/65 technical-architecture-choice profile=RE elapsed=53.103 tilt=E match=True
[2026-05-16T17:48:36+02:00] RUN 018/65 technical-architecture-choice profile=RI
[2026-05-16T17:49:29+02:00] DONE 018/65 technical-architecture-choice profile=RI elapsed=53.583 tilt=R match=True
[2026-05-16T17:49:29+02:00] RUN 019/65 technical-architecture-choice profile=EI
[2026-05-16T17:50:21+02:00] DONE 019/65 technical-architecture-choice profile=EI elapsed=52.199 tilt=E match=True
[2026-05-16T17:50:21+02:00] RUN 020/65 technical-architecture-choice profile=R>E>I
[2026-05-16T17:51:19+02:00] DONE 020/65 technical-architecture-choice profile=R>E>I elapsed=57.161 tilt=R match=True
[2026-05-16T17:51:19+02:00] RUN 021/65 technical-architecture-choice profile=R>I>E
[2026-05-16T17:52:11+02:00] DONE 021/65 technical-architecture-choice profile=R>I>E elapsed=52.945 tilt=R match=True
[2026-05-16T17:52:11+02:00] RUN 022/65 technical-architecture-choice profile=E>R>I
[2026-05-16T17:53:07+02:00] DONE 022/65 technical-architecture-choice profile=E>R>I elapsed=55.909 tilt=E match=True
[2026-05-16T17:53:07+02:00] RUN 023/65 technical-architecture-choice profile=E>I>R
[2026-05-16T17:54:03+02:00] DONE 023/65 technical-architecture-choice profile=E>I>R elapsed=55.213 tilt=E match=True
[2026-05-16T17:54:03+02:00] RUN 024/65 technical-architecture-choice profile=I>R>E
[2026-05-16T17:54:57+02:00] DONE 024/65 technical-architecture-choice profile=I>R>E elapsed=54.728 tilt=I match=True
[2026-05-16T17:54:57+02:00] RUN 025/65 technical-architecture-choice profile=I>E>R
[2026-05-16T17:55:52+02:00] DONE 025/65 technical-architecture-choice profile=I>E>R elapsed=54.395 tilt=I match=True
[2026-05-16T17:55:52+02:00] RUN 026/65 technical-architecture-choice profile=REI
[2026-05-16T17:56:48+02:00] DONE 026/65 technical-architecture-choice profile=REI elapsed=56.096 tilt=E match=True
[2026-05-16T17:56:48+02:00] RUN 027/65 business-runway profile=R
[2026-05-16T17:57:42+02:00] DONE 027/65 business-runway profile=R elapsed=54.102 tilt=R match=True
[2026-05-16T17:57:42+02:00] RUN 028/65 business-runway profile=E
[2026-05-16T17:58:34+02:00] DONE 028/65 business-runway profile=E elapsed=52.173 tilt=E match=True
[2026-05-16T17:58:34+02:00] RUN 029/65 business-runway profile=I
[2026-05-16T17:59:31+02:00] DONE 029/65 business-runway profile=I elapsed=56.461 tilt=I match=True
[2026-05-16T17:59:31+02:00] RUN 030/65 business-runway profile=RE
[2026-05-16T18:00:22+02:00] DONE 030/65 business-runway profile=RE elapsed=51.524 tilt=E match=True
[2026-05-16T18:00:22+02:00] RUN 031/65 business-runway profile=RI
[2026-05-16T18:01:16+02:00] DONE 031/65 business-runway profile=RI elapsed=53.641 tilt=R match=True
[2026-05-16T18:01:16+02:00] RUN 032/65 business-runway profile=EI
[2026-05-16T18:02:10+02:00] DONE 032/65 business-runway profile=EI elapsed=54.086 tilt=E match=True
[2026-05-16T18:02:10+02:00] RUN 033/65 business-runway profile=R>E>I
[2026-05-16T18:03:05+02:00] DONE 033/65 business-runway profile=R>E>I elapsed=54.939 tilt=R match=True
[2026-05-16T18:03:05+02:00] RUN 034/65 business-runway profile=R>I>E
[2026-05-16T18:03:59+02:00] DONE 034/65 business-runway profile=R>I>E elapsed=54.575 tilt=R match=True
[2026-05-16T18:03:59+02:00] RUN 035/65 business-runway profile=E>R>I
[2026-05-16T18:04:51+02:00] DONE 035/65 business-runway profile=E>R>I elapsed=51.763 tilt=E match=True
[2026-05-16T18:04:51+02:00] RUN 036/65 business-runway profile=E>I>R
[2026-05-16T18:05:41+02:00] DONE 036/65 business-runway profile=E>I>R elapsed=49.767 tilt=E match=True
[2026-05-16T18:05:41+02:00] RUN 037/65 business-runway profile=I>R>E
[2026-05-16T18:06:34+02:00] DONE 037/65 business-runway profile=I>R>E elapsed=53.497 tilt=I match=True
[2026-05-16T18:06:34+02:00] RUN 038/65 business-runway profile=I>E>R
[2026-05-16T18:07:31+02:00] DONE 038/65 business-runway profile=I>E>R elapsed=56.136 tilt=I match=True
[2026-05-16T18:07:31+02:00] RUN 039/65 business-runway profile=REI
[2026-05-16T18:08:23+02:00] DONE 039/65 business-runway profile=REI elapsed=52.393 tilt=E match=True
[2026-05-16T18:08:23+02:00] RUN 040/65 creative-status-risk profile=R
[2026-05-16T18:09:15+02:00] DONE 040/65 creative-status-risk profile=R elapsed=51.631 tilt=R match=True
[2026-05-16T18:09:15+02:00] RUN 041/65 creative-status-risk profile=E
[2026-05-16T18:10:05+02:00] DONE 041/65 creative-status-risk profile=E elapsed=50.363 tilt=E match=True
[2026-05-16T18:10:05+02:00] RUN 042/65 creative-status-risk profile=I
[2026-05-16T18:10:58+02:00] DONE 042/65 creative-status-risk profile=I elapsed=53.476 tilt=I match=True
[2026-05-16T18:10:58+02:00] RUN 043/65 creative-status-risk profile=RE
[2026-05-16T18:11:53+02:00] DONE 043/65 creative-status-risk profile=RE elapsed=54.735 tilt=R match=True
[2026-05-16T18:11:53+02:00] RUN 044/65 creative-status-risk profile=RI
[2026-05-16T18:12:51+02:00] DONE 044/65 creative-status-risk profile=RI elapsed=57.883 tilt=R match=True
[2026-05-16T18:12:51+02:00] RUN 045/65 creative-status-risk profile=EI
[2026-05-16T18:13:47+02:00] DONE 045/65 creative-status-risk profile=EI elapsed=56.477 tilt=I match=True
[2026-05-16T18:13:47+02:00] RUN 046/65 creative-status-risk profile=R>E>I
[2026-05-16T18:14:38+02:00] DONE 046/65 creative-status-risk profile=R>E>I elapsed=50.974 tilt=R match=True
[2026-05-16T18:14:38+02:00] RUN 047/65 creative-status-risk profile=R>I>E
[2026-05-16T18:15:29+02:00] DONE 047/65 creative-status-risk profile=R>I>E elapsed=50.756 tilt=R match=True
[2026-05-16T18:15:29+02:00] RUN 048/65 creative-status-risk profile=E>R>I
[2026-05-16T18:16:22+02:00] DONE 048/65 creative-status-risk profile=E>R>I elapsed=52.494 tilt=E match=True
[2026-05-16T18:16:22+02:00] RUN 049/65 creative-status-risk profile=E>I>R
[2026-05-16T18:17:12+02:00] DONE 049/65 creative-status-risk profile=E>I>R elapsed=50.516 tilt=E match=True
[2026-05-16T18:17:12+02:00] RUN 050/65 creative-status-risk profile=I>R>E
[2026-05-16T18:18:06+02:00] DONE 050/65 creative-status-risk profile=I>R>E elapsed=53.73 tilt=I match=True
[2026-05-16T18:18:06+02:00] RUN 051/65 creative-status-risk profile=I>E>R
[2026-05-16T18:18:57+02:00] DONE 051/65 creative-status-risk profile=I>E>R elapsed=51.478 tilt=I match=True
[2026-05-16T18:18:57+02:00] RUN 052/65 creative-status-risk profile=REI
[2026-05-16T18:19:49+02:00] DONE 052/65 creative-status-risk profile=REI elapsed=51.873 tilt=R match=True
[2026-05-16T18:19:49+02:00] RUN 053/65 night-door-noise profile=R
[2026-05-16T18:20:39+02:00] DONE 053/65 night-door-noise profile=R elapsed=50.003 tilt=R match=True
[2026-05-16T18:20:39+02:00] RUN 054/65 night-door-noise profile=E
[2026-05-16T18:21:33+02:00] DONE 054/65 night-door-noise profile=E elapsed=54.057 tilt=E match=True
[2026-05-16T18:21:33+02:00] RUN 055/65 night-door-noise profile=I
[2026-05-16T18:22:30+02:00] DONE 055/65 night-door-noise profile=I elapsed=56.548 tilt=I match=True
[2026-05-16T18:22:30+02:00] RUN 056/65 night-door-noise profile=RE
[2026-05-16T18:23:26+02:00] DONE 056/65 night-door-noise profile=RE elapsed=55.954 tilt=E match=True
[2026-05-16T18:23:26+02:00] RUN 057/65 night-door-noise profile=RI
[2026-05-16T18:24:20+02:00] DONE 057/65 night-door-noise profile=RI elapsed=53.932 tilt=R match=True
[2026-05-16T18:24:20+02:00] RUN 058/65 night-door-noise profile=EI
[2026-05-16T18:25:15+02:00] DONE 058/65 night-door-noise profile=EI elapsed=54.898 tilt=E match=True
[2026-05-16T18:25:15+02:00] RUN 059/65 night-door-noise profile=R>E>I
[2026-05-16T18:26:12+02:00] DONE 059/65 night-door-noise profile=R>E>I elapsed=57.039 tilt=R match=True
[2026-05-16T18:26:12+02:00] RUN 060/65 night-door-noise profile=R>I>E
[2026-05-16T18:27:04+02:00] DONE 060/65 night-door-noise profile=R>I>E elapsed=51.973 tilt=R match=True
[2026-05-16T18:27:04+02:00] RUN 061/65 night-door-noise profile=E>R>I
[2026-05-16T18:27:56+02:00] DONE 061/65 night-door-noise profile=E>R>I elapsed=52.045 tilt=E match=True
[2026-05-16T18:27:56+02:00] RUN 062/65 night-door-noise profile=E>I>R
[2026-05-16T18:28:47+02:00] DONE 062/65 night-door-noise profile=E>I>R elapsed=51.455 tilt=E match=True
[2026-05-16T18:28:47+02:00] RUN 063/65 night-door-noise profile=I>R>E
[2026-05-16T18:29:39+02:00] DONE 063/65 night-door-noise profile=I>R>E elapsed=51.869 tilt=I match=True
[2026-05-16T18:29:39+02:00] RUN 064/65 night-door-noise profile=I>E>R
[2026-05-16T18:30:31+02:00] DONE 064/65 night-door-noise profile=I>E>R elapsed=51.683 tilt=I match=True
[2026-05-16T18:30:31+02:00] RUN 065/65 night-door-noise profile=REI
[2026-05-16T18:31:24+02:00] DONE 065/65 night-door-noise profile=REI elapsed=53.226 tilt=E match=True
[2026-05-16T18:31:24+02:00] FINISH completed=65 errors=0 elapsed_seconds=3542.003
[2026-05-16T18:31:24+02:00] UNLOAD model=granite4.1:30b ok
